<?xml version="1.0" encoding="UTF-8"?>
<testsuite name="com.monotonic.collections._7_sets.after.ProductCatalogueTest" tests="1" skipped="0" failures="0" errors="0" timestamp="2020-09-03T06:03:33" hostname="RAGE" time="0.003">
  <properties/>
  <testcase name="shouldNotRecordDuplicateProducts" classname="com.monotonic.collections._7_sets.after.ProductCatalogueTest" time="0.003"/>
  <system-out><![CDATA[]]></system-out>
  <system-err><![CDATA[]]></system-err>
</testsuite>
